\BOOKMARK [0][-]{chapter.1}{\376\377\006\105\006\047\006\230\006\110\006\104\040\014\040\014\006\107\006\047\006\314\000\040\006\063\006\047\006\056\006\052\006\047\006\061\000\040\006\054\006\105\006\071}{}% 1
\BOOKMARK [1][-]{section.1.1}{\376\377\006\105\006\047\006\230\006\110\006\104\000\040\000H\000a\000l\000f\000\040\000A\000d\000d\000e\000r}{chapter.1}% 2
\BOOKMARK [2][-]{subsection.1.1.1}{\376\377\006\251\006\057\000\040\006\047\006\314\006\106\000\040\006\105\006\047\006\230\006\110\006\104}{section.1.1}% 3
\BOOKMARK [2][-]{subsection.1.1.2}{\376\377\006\052\006\063\006\052\040\014\006\050\006\106\006\206\000\040\006\361\000\040\006\047\006\314\006\106\000\040\006\105\006\047\006\230\006\110\006\104}{section.1.1}% 4
\BOOKMARK [2][-]{subsection.1.1.3}{\376\377\006\052\006\063\006\052\040\014\006\050\006\106\006\206\000\040\006\362\000\040\006\047\006\314\006\106\000\040\006\105\006\047\006\230\006\110\006\104}{section.1.1}% 5
\BOOKMARK [2][-]{subsection.1.1.4}{\376\377\006\056\006\061\006\110\006\054\006\314\000\040\000s\000i\000m\000u\000l\000a\000t\000i\000o\000n}{section.1.1}% 6
\BOOKMARK [1][-]{section.1.2}{\376\377\006\105\006\047\006\230\006\110\006\104\000\040\000F\000u\000l\000l\000\040\000A\000d\000d\000e\000r}{chapter.1}% 7
\BOOKMARK [2][-]{subsection.1.2.1}{\376\377\006\251\006\057\000\040\006\047\006\314\006\106\000\040\006\105\006\047\006\230\006\110\006\104}{section.1.2}% 8
\BOOKMARK [2][-]{subsection.1.2.2}{\376\377\006\052\006\063\006\052\040\014\040\014\006\050\006\106\006\206\000\040\0001\000\040\006\047\006\314\006\106\000\040\006\105\006\047\006\230\006\110\006\104}{section.1.2}% 9
\BOOKMARK [2][-]{subsection.1.2.3}{\376\377\006\052\006\063\006\052\040\014\040\014\006\050\006\106\006\206\000\040\0002\000\040\006\047\006\314\006\106\000\040\006\105\006\047\006\230\006\110\006\104}{section.1.2}% 10
\BOOKMARK [2][-]{subsection.1.2.4}{\376\377\006\056\006\061\006\110\006\054\006\314\000\040\000s\000i\000m\000u\000l\000a\000t\000i\000o\000n}{section.1.2}% 11
\BOOKMARK [1][-]{section.1.3}{\376\377\000F\000o\000u\000r\000\040\000B\000i\000t\000\040\000F\000u\000l\000l\000\040\000A\000d\000d\000e\000r}{chapter.1}% 12
\BOOKMARK [2][-]{subsection.1.3.1}{\376\377\006\251\006\057\000\040\006\047\006\314\006\106\000\040\006\105\006\047\006\230\006\110\006\104}{section.1.3}% 13
\BOOKMARK [2][-]{subsection.1.3.2}{\376\377\006\052\006\063\006\052\040\014\040\014\006\050\006\106\006\206\000\040\006\047\006\314\006\106\000\040\006\105\006\047\006\230\006\110\006\104}{section.1.3}% 14
\BOOKMARK [2][-]{subsection.1.3.3}{\376\377\006\056\006\061\006\110\006\054\006\314\000\040\000s\000i\000m\000u\000l\000a\000t\000i\000o\000n}{section.1.3}% 15
\BOOKMARK [1][-]{section.1.4}{\376\377\006\067\006\061\006\047\006\055\006\314\040\014\006\107\006\047}{chapter.1}% 16
\BOOKMARK [0][-]{chapter.2}{\376\377\006\105\006\047\006\230\006\110\006\104\040\014\006\107\006\047\006\314\000\040\006\063\006\047\006\056\006\052\006\047\006\061\000\040\006\052\006\101\006\061\006\314\006\102}{}% 17
\BOOKMARK [1][-]{section.2.1}{\376\377\006\105\006\047\006\230\006\110\006\104\000\040\000H\000a\000l\000f\000\040\000S\000u\000b\000b\000e\000r}{chapter.2}% 18
\BOOKMARK [2][-]{subsection.2.1.1}{\376\377\006\251\006\057\000\040\006\047\006\314\006\106\000\040\006\105\006\047\006\230\006\110\006\104}{section.2.1}% 19
\BOOKMARK [2][-]{subsection.2.1.2}{\376\377\006\052\006\063\006\052\040\014\006\050\006\106\006\206\000\040\0001\000\040\006\105\006\047\006\230\006\110\006\104}{section.2.1}% 20
\BOOKMARK [2][-]{subsection.2.1.3}{\376\377\006\052\006\063\006\052\040\014\006\050\006\106\006\206\000\040\006\362\000\040\006\105\006\047\006\230\006\110\006\104}{section.2.1}% 21
\BOOKMARK [2][-]{subsection.2.1.4}{\376\377\006\056\006\061\006\110\006\054\006\314\000\040\000s\000i\000m\000u\000l\000a\000t\000i\000o\000n}{section.2.1}% 22
\BOOKMARK [1][-]{section.2.2}{\376\377\006\105\006\047\006\230\006\110\006\104\000\040\000F\000u\000l\000l\000\040\000S\000u\000b\000b\000e\000r}{chapter.2}% 23
\BOOKMARK [2][-]{subsection.2.2.1}{\376\377\006\251\006\057\000\040\006\047\006\314\006\106\000\040\006\105\006\047\006\230\006\110\006\104}{section.2.2}% 24
\BOOKMARK [2][-]{subsection.2.2.2}{\376\377\006\052\006\063\006\052\040\014\006\050\006\106\006\206\000\040\006\105\006\047\006\230\006\110\006\104}{section.2.2}% 25
\BOOKMARK [2][-]{subsection.2.2.3}{\376\377\006\056\006\061\006\110\006\054\006\314\000\040\000s\000i\000m\000u\000l\000a\000t\000i\000o\000n}{section.2.2}% 26
\BOOKMARK [1][-]{section.2.3}{\376\377\006\105\006\047\006\230\006\110\006\104\000\040\000F\000o\000u\000r\000\040\000B\000i\000t\000\040\000F\000u\000l\000l\000\040\000S\000u\000b\000b\000e\000r}{chapter.2}% 27
\BOOKMARK [2][-]{subsection.2.3.1}{\376\377\006\251\006\057\000\040\006\047\006\314\006\106\000\040\006\105\006\047\006\230\006\110\006\104}{section.2.3}% 28
\BOOKMARK [2][-]{subsection.2.3.2}{\376\377\006\052\006\063\006\052\040\014\006\050\006\106\006\206\000\040\006\105\006\047\006\230\006\110\006\104}{section.2.3}% 29
\BOOKMARK [2][-]{subsection.2.3.3}{\376\377\006\056\006\061\006\110\006\054\006\314\000\040\000s\000i\000m\000u\000l\000a\000t\000i\000o\000n}{section.2.3}% 30
\BOOKMARK [1][-]{section.2.4}{\376\377\006\067\006\061\006\047\006\055\006\314\040\014\006\107\006\047}{chapter.2}% 31
\BOOKMARK [0][-]{chapter.3}{\376\377\006\105\006\047\006\230\006\110\006\104\040\014\006\107\006\047\006\314\000\040\006\063\006\047\006\056\006\052\006\047\006\061\000\040\006\066\006\061\006\050}{}% 32
\BOOKMARK [1][-]{section.3.1}{\376\377\006\105\006\047\006\230\006\110\006\104\000\040\000F\000o\000u\000r\000\040\000B\000i\000t\000\040\000M\000u\000l\000t\000i\000p\000l\000i\000e\000r}{chapter.3}% 33
\BOOKMARK [2][-]{subsection.3.1.1}{\376\377\006\251\006\057\000\040\006\047\006\314\006\106\000\040\006\105\006\047\006\230\006\110\006\104}{section.3.1}% 34
\BOOKMARK [2][-]{subsection.3.1.2}{\376\377\006\052\006\063\006\052\040\014\006\050\006\106\006\206\000\040\006\047\006\314\006\106\000\040\006\105\006\047\006\230\006\110\006\104}{section.3.1}% 35
\BOOKMARK [2][-]{subsection.3.1.3}{\376\377\006\056\006\061\006\110\006\054\006\314\000\040\000s\000i\000m\000u\000l\000a\000t\000i\000o\000n}{section.3.1}% 36
\BOOKMARK [1][-]{section.3.2}{\376\377\006\067\006\061\006\047\006\055\006\314\040\014\006\107\006\047}{chapter.3}% 37
\BOOKMARK [0][-]{chapter.4}{\376\377\006\105\006\047\006\230\006\110\006\104\000\040\006\105\006\047\006\104\006\052\006\314\000\040\006\176\006\104\006\251\006\063\006\061}{}% 38
\BOOKMARK [1][-]{section.4.1}{\376\377\006\105\006\047\006\230\006\110\006\104\000\040\000m\000u\000x\0004\000x\0001}{chapter.4}% 39
\BOOKMARK [2][-]{subsection.4.1.1}{\376\377\006\251\006\057\000\040\006\047\006\314\006\106\000\040\006\105\006\047\006\230\006\110\006\104}{section.4.1}% 40
\BOOKMARK [2][-]{subsection.4.1.2}{\376\377\006\052\006\063\006\052\040\014\006\050\006\106\006\206\000\040\006\047\006\314\006\106\000\040\006\105\006\047\006\230\006\110\006\104}{section.4.1}% 41
\BOOKMARK [2][-]{subsection.4.1.3}{\376\377\006\056\006\061\006\110\006\054\006\314\000\040\000s\000i\000m\000u\000l\000a\000t\000i\000o\000n}{section.4.1}% 42
\BOOKMARK [0][-]{chapter.5}{\376\377\006\105\006\047\006\230\006\110\006\104\000\040\000A\000L\000U}{}% 43
\BOOKMARK [1][-]{section.5.1}{\376\377\006\105\006\047\006\230\006\110\006\104\000\040\000A\000L\000U}{chapter.5}% 44
\BOOKMARK [2][-]{subsection.5.1.1}{\376\377\006\251\006\057\000\040\006\047\006\314\006\106\000\040\006\105\006\047\006\230\006\110\006\104}{section.5.1}% 45
\BOOKMARK [2][-]{subsection.5.1.2}{\376\377\006\052\006\063\006\052\040\014\006\050\006\106\006\206\000\040\006\047\006\314\006\106\000\040\006\105\006\047\006\230\006\110\006\104}{section.5.1}% 46
\BOOKMARK [2][-]{subsection.5.1.3}{\376\377\006\056\006\061\006\110\006\054\006\314\000\040\000s\000i\000m\000u\000l\000a\000t\000i\000o\000n}{section.5.1}% 47
\BOOKMARK [1][-]{section.5.2}{\376\377\006\067\006\061\006\047\006\055\006\314\040\014\006\107\006\047}{chapter.5}% 48
